Change Component Designator: Old Designator=C9 New Designator=C7
Change Component Designator: Old Designator=C10 New Designator=C8
Change Component Designator: Old Designator=C11 New Designator=C9
Change Component Designator: Old Designator=C12 New Designator=C10
Change Component Designator: Old Designator=C13 New Designator=C11
Change Component Designator: Old Designator=C14 New Designator=C12
Change Component Designator: Old Designator=C15 New Designator=C13
Change Component Designator: Old Designator=C16 New Designator=C14
Change Component Designator: Old Designator=C? New Designator=C6
Change Component Designator: Old Designator=Q? New Designator=Q2
Change Component Designator: Old Designator=R1 New Designator=R5
Change Component Designator: Old Designator=R4 New Designator=R7
Change Component Designator: Old Designator=R5 New Designator=R8
Change Component Designator: Old Designator=R11 New Designator=R12
Change Component Designator: Old Designator=R? New Designator=R4
Change Component Designator: Old Designator=R? New Designator=R6
Change Component Designator: Old Designator=R? New Designator=R9
Change Component Designator: Old Designator=R? New Designator=R11
Change Component Designator: Old Designator=U4 New Designator=U3
Change Component Designator: Old Designator=U5 New Designator=U4
Change Component Designator: Old Designator=U6 New Designator=U5
